<?xml version="1.0" encoding="UTF-8"?>
<!-- Generated by org.testng.reporters.JUnitReportReporter -->
<testsuite hostname="AILT-100247" failures="0" tests="1" name="operationspack.prstepupdateoperations" time="84.666" errors="0" timestamp="2023-05-18T14:55:32 IST" skipped="0">
  <testcase classname="operationspack.prstepupdateoperations" name="prstepupdate" time="84.666"/>
  <system-out/>
</testsuite> <!-- operationspack.prstepupdateoperations -->
