<?xml version="1.0" encoding="UTF-8"?>
<!-- Generated by org.testng.reporters.JUnitReportReporter -->
<testsuite hostname="AILT-100247" failures="0" tests="1" name="operationspack.processtepcreateoperations" time="55.812" errors="0" timestamp="2023-05-18T14:34:20 IST" skipped="0">
  <testcase classname="operationspack.processtepcreateoperations" name="Prstepcreate" time="55.812"/>
  <system-out/>
</testsuite> <!-- operationspack.processtepcreateoperations -->
