<?xml version="1.0" encoding="UTF-8"?>
<!-- Generated by org.testng.reporters.JUnitReportReporter -->
<testsuite hostname="AILT-100247" failures="0" tests="1" name="locatorspack.Areaclass" time="9.189" errors="0" timestamp="2023-05-10T11:17:36 IST" skipped="0">
  <testcase classname="locatorspack.Areaclass" name="area" time="9.189"/>
  <system-out/>
</testsuite> <!-- locatorspack.Areaclass -->
