<?xml version="1.0" encoding="UTF-8"?>
<!-- Generated by org.testng.reporters.JUnitReportReporter -->
<testsuite hostname="AILT-100247" failures="0" tests="1" name="operationspack.irctc" time="15.200" errors="0" timestamp="2023-12-13T12:06:24 IST" skipped="0">
  <testcase classname="operationspack.irctc" name="test1" time="15.200"/>
  <system-out/>
</testsuite> <!-- operationspack.irctc -->
