<?xml version="1.0" encoding="UTF-8"?>
<!-- Generated by org.testng.reporters.JUnitReportReporter -->
<testsuite hostname="AILT-100247" failures="0" tests="1" name="operationspack.prtypecreateoperations" time="50.476" errors="0" timestamp="2023-05-18T15:06:41 IST" skipped="0">
  <testcase classname="operationspack.prtypecreateoperations" name="prtypecreate" time="50.476"/>
  <system-out/>
</testsuite> <!-- operationspack.prtypecreateoperations -->
